0 info it worked if it ends with ok
1 verbose cli [ 'C:\\Users\\Eric\\AppData\\Local\\.meteor\\packages\\meteor-tool\\1.3.2_4\\mt-os.windows.x86_32\\dev_bundle\\bin\\\\node.exe',
1 verbose cli   'C:\\Users\\Eric\\AppData\\Local\\.meteor\\packages\\meteor-tool\\1.3.2_4\\mt-os.windows.x86_32\\dev_bundle\\lib\\node_modules\\npm\\bin\\npm-cli.js',
1 verbose cli   'install',
1 verbose cli   '--save',
1 verbose cli   'accounts-ui',
1 verbose cli   'accounts-password' ]
2 info using npm@2.14.22
3 info using node@v0.10.43
4 verbose install initial load of C:\Users\Eric\Desktop\meteor-todo-app\package.json
5 verbose installManyTop reading scoped package data from C:\Users\Eric\Desktop\meteor-todo-app\node_modules\react\package.json
6 verbose installManyTop reading scoped package data from C:\Users\Eric\Desktop\meteor-todo-app\node_modules\react-addons-pure-render-mixin\package.json
7 verbose installManyTop reading scoped package data from C:\Users\Eric\Desktop\meteor-todo-app\node_modules\react-dom\package.json
8 verbose readDependencies loading dependencies from C:\Users\Eric\Desktop\meteor-todo-app\package.json
9 silly cache add args [ 'accounts-ui', null ]
10 verbose cache add spec accounts-ui
11 silly cache add args [ 'accounts-password', null ]
12 verbose cache add spec accounts-password
13 silly cache add parsed spec { raw: 'accounts-ui',
13 silly cache add   scope: null,
13 silly cache add   name: 'accounts-ui',
13 silly cache add   rawSpec: '',
13 silly cache add   spec: 'latest',
13 silly cache add   type: 'tag' }
14 silly addNamed accounts-ui@latest
15 verbose addNamed "latest" is being treated as a dist-tag for accounts-ui
16 info addNameTag [ 'accounts-ui', 'latest' ]
17 silly mapToRegistry name accounts-ui
18 silly mapToRegistry using default registry
19 silly mapToRegistry registry https://registry.npmjs.org/
20 silly mapToRegistry uri https://registry.npmjs.org/accounts-ui
21 verbose addNameTag registry:https://registry.npmjs.org/accounts-ui not in flight; fetching
22 silly cache add parsed spec { raw: 'accounts-password',
22 silly cache add   scope: null,
22 silly cache add   name: 'accounts-password',
22 silly cache add   rawSpec: '',
22 silly cache add   spec: 'latest',
22 silly cache add   type: 'tag' }
23 silly addNamed accounts-password@latest
24 verbose addNamed "latest" is being treated as a dist-tag for accounts-password
25 info addNameTag [ 'accounts-password', 'latest' ]
26 silly mapToRegistry name accounts-password
27 silly mapToRegistry using default registry
28 silly mapToRegistry registry https://registry.npmjs.org/
29 silly mapToRegistry uri https://registry.npmjs.org/accounts-password
30 verbose addNameTag registry:https://registry.npmjs.org/accounts-password not in flight; fetching
31 verbose request uri https://registry.npmjs.org/accounts-ui
32 verbose request no auth needed
33 info attempt registry request try #1 at 19:10:09
34 verbose request id 2f65c292776a7886
35 http request GET https://registry.npmjs.org/accounts-ui
36 verbose request uri https://registry.npmjs.org/accounts-password
37 verbose request no auth needed
38 info attempt registry request try #1 at 19:10:09
39 http request GET https://registry.npmjs.org/accounts-password
40 http 404 https://registry.npmjs.org/accounts-ui
41 verbose headers { 'content-type': 'application/json',
41 verbose headers   'cache-control': 'max-age=0',
41 verbose headers   'content-length': '2',
41 verbose headers   'accept-ranges': 'bytes',
41 verbose headers   date: 'Sat, 18 Jun 2016 11:10:04 GMT',
41 verbose headers   via: '1.1 varnish',
41 verbose headers   age: '0',
41 verbose headers   connection: 'keep-alive',
41 verbose headers   'x-served-by': 'cache-hkg6824-HKG',
41 verbose headers   'x-cache': 'MISS',
41 verbose headers   'x-cache-hits': '0',
41 verbose headers   'x-timer': 'S1466248203.867021,VS0,VE953',
41 verbose headers   vary: 'Accept-Encoding' }
42 silly get cb [ 404,
42 silly get   { 'content-type': 'application/json',
42 silly get     'cache-control': 'max-age=0',
42 silly get     'content-length': '2',
42 silly get     'accept-ranges': 'bytes',
42 silly get     date: 'Sat, 18 Jun 2016 11:10:04 GMT',
42 silly get     via: '1.1 varnish',
42 silly get     age: '0',
42 silly get     connection: 'keep-alive',
42 silly get     'x-served-by': 'cache-hkg6824-HKG',
42 silly get     'x-cache': 'MISS',
42 silly get     'x-cache-hits': '0',
42 silly get     'x-timer': 'S1466248203.867021,VS0,VE953',
42 silly get     vary: 'Accept-Encoding' } ]
43 http 404 https://registry.npmjs.org/accounts-password
44 verbose headers { 'content-type': 'application/json',
44 verbose headers   'cache-control': 'max-age=0',
44 verbose headers   'content-length': '2',
44 verbose headers   'accept-ranges': 'bytes',
44 verbose headers   date: 'Sat, 18 Jun 2016 11:10:05 GMT',
44 verbose headers   via: '1.1 varnish',
44 verbose headers   age: '0',
44 verbose headers   connection: 'keep-alive',
44 verbose headers   'x-served-by': 'cache-hkg6823-HKG',
44 verbose headers   'x-cache': 'MISS',
44 verbose headers   'x-cache-hits': '0',
44 verbose headers   'x-timer': 'S1466248204.863141,VS0,VE811',
44 verbose headers   vary: 'Accept-Encoding' }
45 silly get cb [ 404,
45 silly get   { 'content-type': 'application/json',
45 silly get     'cache-control': 'max-age=0',
45 silly get     'content-length': '2',
45 silly get     'accept-ranges': 'bytes',
45 silly get     date: 'Sat, 18 Jun 2016 11:10:05 GMT',
45 silly get     via: '1.1 varnish',
45 silly get     age: '0',
45 silly get     connection: 'keep-alive',
45 silly get     'x-served-by': 'cache-hkg6823-HKG',
45 silly get     'x-cache': 'MISS',
45 silly get     'x-cache-hits': '0',
45 silly get     'x-timer': 'S1466248204.863141,VS0,VE811',
45 silly get     vary: 'Accept-Encoding' } ]
46 verbose stack Error: Registry returned 404 for GET on https://registry.npmjs.org/accounts-ui
46 verbose stack     at makeError (C:\Users\Eric\AppData\Local\.meteor\packages\meteor-tool\1.3.2_4\mt-os.windows.x86_32\dev_bundle\lib\node_modules\npm\node_modules\npm-registry-client\lib\request.js:264:12)
46 verbose stack     at CachingRegistryClient.<anonymous> (C:\Users\Eric\AppData\Local\.meteor\packages\meteor-tool\1.3.2_4\mt-os.windows.x86_32\dev_bundle\lib\node_modules\npm\node_modules\npm-registry-client\lib\request.js:242:14)
46 verbose stack     at Request._callback (C:\Users\Eric\AppData\Local\.meteor\packages\meteor-tool\1.3.2_4\mt-os.windows.x86_32\dev_bundle\lib\node_modules\npm\node_modules\npm-registry-client\lib\request.js:172:14)
46 verbose stack     at Request.self.callback (C:\Users\Eric\AppData\Local\.meteor\packages\meteor-tool\1.3.2_4\mt-os.windows.x86_32\dev_bundle\lib\node_modules\npm\node_modules\request\request.js:199:22)
46 verbose stack     at Request.emit (events.js:98:17)
46 verbose stack     at Request.<anonymous> (C:\Users\Eric\AppData\Local\.meteor\packages\meteor-tool\1.3.2_4\mt-os.windows.x86_32\dev_bundle\lib\node_modules\npm\node_modules\request\request.js:1036:10)
46 verbose stack     at Request.emit (events.js:117:20)
46 verbose stack     at IncomingMessage.<anonymous> (C:\Users\Eric\AppData\Local\.meteor\packages\meteor-tool\1.3.2_4\mt-os.windows.x86_32\dev_bundle\lib\node_modules\npm\node_modules\request\request.js:963:12)
46 verbose stack     at IncomingMessage.emit (events.js:117:20)
46 verbose stack     at _stream_readable.js:944:16
47 verbose statusCode 404
48 verbose pkgid accounts-ui
49 verbose cwd C:\Users\Eric\Desktop\meteor-todo-app
50 error Windows_NT 6.1.7601
51 error argv "C:\\Users\\Eric\\AppData\\Local\\.meteor\\packages\\meteor-tool\\1.3.2_4\\mt-os.windows.x86_32\\dev_bundle\\bin\\\\node.exe" "C:\\Users\\Eric\\AppData\\Local\\.meteor\\packages\\meteor-tool\\1.3.2_4\\mt-os.windows.x86_32\\dev_bundle\\lib\\node_modules\\npm\\bin\\npm-cli.js" "install" "--save" "accounts-ui" "accounts-password"
52 error node v0.10.43
53 error npm  v2.14.22
54 error code E404
55 error 404 Registry returned 404 for GET on https://registry.npmjs.org/accounts-ui
55 error 404
55 error 404 'accounts-ui' is not in the npm registry.
55 error 404 You should bug the author to publish it (or use the name yourself!)
55 error 404 It was specified as a dependency of 'meteor-todo-app'
55 error 404
55 error 404 Note that you can also install from a
55 error 404 tarball, folder, http url, or git url.
56 verbose exit [ 1, true ]
